CRITICAL - 2022-02-23 06:08:27 --> Undefined variable: session
#0 C:\laragon\www\anijaya\app\Views\template_pelanggan\V_home.php(6): CodeIgniter\Debug\Exceptions->errorHandler(8, 'Undefined varia...', 'C:\\laragon\\www\\...', 6, Array)
#1 C:\laragon\www\anijaya\system\View\View.php(210): include('C:\\laragon\\www\\...')
#2 C:\laragon\www\anijaya\system\View\View.php(213): CodeIgniter\View\View->CodeIgniter\View\{closure}()
#3 C:\laragon\www\anijaya\system\Common.php(1089): CodeIgniter\View\View->render('template_pelang...', Array, true)
#4 C:\laragon\www\anijaya\app\Controllers\C_home_pelanggan.php(10): view('template_pelang...', Array)
#5 C:\laragon\www\anijaya\system\CodeIgniter.php(825): App\Controllers\C_home_pelanggan->index()
#6 C:\laragon\www\anijaya\system\CodeIgniter.php(412): CodeIgniter\CodeIgniter->runController(Object(App\Controllers\C_home_pelanggan))
#7 C:\laragon\www\anijaya\system\CodeIgniter.php(320): CodeIgniter\CodeIgniter->handleRequest(NULL, Object(Config\Cache), false)
#8 C:\laragon\www\anijaya\public\index.php(37): CodeIgniter\CodeIgniter->run()
#9 {main}
CRITICAL - 2022-02-23 06:09:21 --> Undefined variable: session
#0 C:\laragon\www\anijaya\app\Views\template_pelanggan\V_home.php(6): CodeIgniter\Debug\Exceptions->errorHandler(8, 'Undefined varia...', 'C:\\laragon\\www\\...', 6, Array)
#1 C:\laragon\www\anijaya\system\View\View.php(210): include('C:\\laragon\\www\\...')
#2 C:\laragon\www\anijaya\system\View\View.php(213): CodeIgniter\View\View->CodeIgniter\View\{closure}()
#3 C:\laragon\www\anijaya\system\Common.php(1089): CodeIgniter\View\View->render('template_pelang...', Array, true)
#4 C:\laragon\www\anijaya\app\Controllers\C_home_pelanggan.php(10): view('template_pelang...', Array)
#5 C:\laragon\www\anijaya\system\CodeIgniter.php(825): App\Controllers\C_home_pelanggan->index()
#6 C:\laragon\www\anijaya\system\CodeIgniter.php(412): CodeIgniter\CodeIgniter->runController(Object(App\Controllers\C_home_pelanggan))
#7 C:\laragon\www\anijaya\system\CodeIgniter.php(320): CodeIgniter\CodeIgniter->handleRequest(NULL, Object(Config\Cache), false)
#8 C:\laragon\www\anijaya\public\index.php(37): CodeIgniter\CodeIgniter->run()
#9 {main}
CRITICAL - 2022-02-23 06:09:44 --> Undefined variable: session
#0 C:\laragon\www\anijaya\app\Views\template_pelanggan\V_home.php(6): CodeIgniter\Debug\Exceptions->errorHandler(8, 'Undefined varia...', 'C:\\laragon\\www\\...', 6, Array)
#1 C:\laragon\www\anijaya\system\View\View.php(210): include('C:\\laragon\\www\\...')
#2 C:\laragon\www\anijaya\system\View\View.php(213): CodeIgniter\View\View->CodeIgniter\View\{closure}()
#3 C:\laragon\www\anijaya\system\Common.php(1089): CodeIgniter\View\View->render('template_pelang...', Array, true)
#4 C:\laragon\www\anijaya\app\Controllers\C_home_pelanggan.php(10): view('template_pelang...', Array)
#5 C:\laragon\www\anijaya\system\CodeIgniter.php(825): App\Controllers\C_home_pelanggan->index()
#6 C:\laragon\www\anijaya\system\CodeIgniter.php(412): CodeIgniter\CodeIgniter->runController(Object(App\Controllers\C_home_pelanggan))
#7 C:\laragon\www\anijaya\system\CodeIgniter.php(320): CodeIgniter\CodeIgniter->handleRequest(NULL, Object(Config\Cache), false)
#8 C:\laragon\www\anijaya\public\index.php(37): CodeIgniter\CodeIgniter->run()
#9 {main}
CRITICAL - 2022-02-23 06:09:59 --> Undefined variable: session
#0 C:\laragon\www\anijaya\app\Views\template_pelanggan\V_home.php(6): CodeIgniter\Debug\Exceptions->errorHandler(8, 'Undefined varia...', 'C:\\laragon\\www\\...', 6, Array)
#1 C:\laragon\www\anijaya\system\View\View.php(210): include('C:\\laragon\\www\\...')
#2 C:\laragon\www\anijaya\system\View\View.php(213): CodeIgniter\View\View->CodeIgniter\View\{closure}()
#3 C:\laragon\www\anijaya\system\Common.php(1089): CodeIgniter\View\View->render('template_pelang...', Array, true)
#4 C:\laragon\www\anijaya\app\Controllers\C_home_pelanggan.php(10): view('template_pelang...', Array)
#5 C:\laragon\www\anijaya\system\CodeIgniter.php(825): App\Controllers\C_home_pelanggan->index()
#6 C:\laragon\www\anijaya\system\CodeIgniter.php(412): CodeIgniter\CodeIgniter->runController(Object(App\Controllers\C_home_pelanggan))
#7 C:\laragon\www\anijaya\system\CodeIgniter.php(320): CodeIgniter\CodeIgniter->handleRequest(NULL, Object(Config\Cache), false)
#8 C:\laragon\www\anijaya\public\index.php(37): CodeIgniter\CodeIgniter->run()
#9 {main}
