CRITICAL - 2022-08-08 10:36:50 --> Undefined property: stdClass::$harga
#0 C:\laragon\www\anijaya\app\Views\laporan_penjualan\V_cetak_penjualan.php(105): CodeIgniter\Debug\Exceptions->errorHandler(8, 'Undefined prope...', 'C:\\laragon\\www\\...', 105, Array)
#1 C:\laragon\www\anijaya\system\View\View.php(210): include('C:\\laragon\\www\\...')
#2 C:\laragon\www\anijaya\system\View\View.php(213): CodeIgniter\View\View->CodeIgniter\View\{closure}()
#3 C:\laragon\www\anijaya\system\Common.php(1089): CodeIgniter\View\View->render('laporan_penjual...', Array, true)
#4 C:\laragon\www\anijaya\app\Controllers\C_laporan.php(26): view('laporan_penjual...', Array)
#5 C:\laragon\www\anijaya\system\CodeIgniter.php(825): App\Controllers\C_laporan->cetak_laporan_penjualan()
#6 C:\laragon\www\anijaya\system\CodeIgniter.php(412): CodeIgniter\CodeIgniter->runController(Object(App\Controllers\C_laporan))
#7 C:\laragon\www\anijaya\system\CodeIgniter.php(320): CodeIgniter\CodeIgniter->handleRequest(NULL, Object(Config\Cache), false)
#8 C:\laragon\www\anijaya\public\index.php(37): CodeIgniter\CodeIgniter->run()
#9 {main}
CRITICAL - 2022-08-08 10:52:10 --> Call to undefined method CodeIgniter\Database\MySQLi\Connection::selectSum()
#0 C:\laragon\www\anijaya\system\View\View.php(210): include()
#1 C:\laragon\www\anijaya\system\View\View.php(213): CodeIgniter\View\View->CodeIgniter\View\{closure}()
#2 C:\laragon\www\anijaya\system\Common.php(1089): CodeIgniter\View\View->render('laporan_penjual...', Array, true)
#3 C:\laragon\www\anijaya\app\Controllers\C_laporan.php(26): view('laporan_penjual...', Array)
#4 C:\laragon\www\anijaya\system\CodeIgniter.php(825): App\Controllers\C_laporan->cetak_laporan_penjualan()
#5 C:\laragon\www\anijaya\system\CodeIgniter.php(412): CodeIgniter\CodeIgniter->runController(Object(App\Controllers\C_laporan))
#6 C:\laragon\www\anijaya\system\CodeIgniter.php(320): CodeIgniter\CodeIgniter->handleRequest(NULL, Object(Config\Cache), false)
#7 C:\laragon\www\anijaya\public\index.php(37): CodeIgniter\CodeIgniter->run()
#8 {main}
CRITICAL - 2022-08-08 10:52:41 --> Call to undefined method CodeIgniter\Database\MySQLi\Connection::selectSum()
#0 C:\laragon\www\anijaya\system\View\View.php(210): include()
#1 C:\laragon\www\anijaya\system\View\View.php(213): CodeIgniter\View\View->CodeIgniter\View\{closure}()
#2 C:\laragon\www\anijaya\system\Common.php(1089): CodeIgniter\View\View->render('laporan_penjual...', Array, true)
#3 C:\laragon\www\anijaya\app\Controllers\C_laporan.php(26): view('laporan_penjual...', Array)
#4 C:\laragon\www\anijaya\system\CodeIgniter.php(825): App\Controllers\C_laporan->cetak_laporan_penjualan()
#5 C:\laragon\www\anijaya\system\CodeIgniter.php(412): CodeIgniter\CodeIgniter->runController(Object(App\Controllers\C_laporan))
#6 C:\laragon\www\anijaya\system\CodeIgniter.php(320): CodeIgniter\CodeIgniter->handleRequest(NULL, Object(Config\Cache), false)
#7 C:\laragon\www\anijaya\public\index.php(37): CodeIgniter\CodeIgniter->run()
#8 {main}
CRITICAL - 2022-08-08 10:56:14 --> Call to undefined method CodeIgniter\Database\MySQLi\Connection::select()
#0 C:\laragon\www\anijaya\system\View\View.php(210): include()
#1 C:\laragon\www\anijaya\system\View\View.php(213): CodeIgniter\View\View->CodeIgniter\View\{closure}()
#2 C:\laragon\www\anijaya\system\Common.php(1089): CodeIgniter\View\View->render('laporan_penjual...', Array, true)
#3 C:\laragon\www\anijaya\app\Controllers\C_laporan.php(26): view('laporan_penjual...', Array)
#4 C:\laragon\www\anijaya\system\CodeIgniter.php(825): App\Controllers\C_laporan->cetak_laporan_penjualan()
#5 C:\laragon\www\anijaya\system\CodeIgniter.php(412): CodeIgniter\CodeIgniter->runController(Object(App\Controllers\C_laporan))
#6 C:\laragon\www\anijaya\system\CodeIgniter.php(320): CodeIgniter\CodeIgniter->handleRequest(NULL, Object(Config\Cache), false)
#7 C:\laragon\www\anijaya\public\index.php(37): CodeIgniter\CodeIgniter->run()
#8 {main}
CRITICAL - 2022-08-08 10:59:47 --> Object of class stdClass could not be converted to number
#0 C:\laragon\www\anijaya\app\Views\laporan_penjualan\V_cetak_penjualan.php(78): CodeIgniter\Debug\Exceptions->errorHandler(8, 'Object of class...', 'C:\\laragon\\www\\...', 78, Array)
#1 C:\laragon\www\anijaya\system\View\View.php(210): include('C:\\laragon\\www\\...')
#2 C:\laragon\www\anijaya\system\View\View.php(213): CodeIgniter\View\View->CodeIgniter\View\{closure}()
#3 C:\laragon\www\anijaya\system\Common.php(1089): CodeIgniter\View\View->render('laporan_penjual...', Array, true)
#4 C:\laragon\www\anijaya\app\Controllers\C_laporan.php(26): view('laporan_penjual...', Array)
#5 C:\laragon\www\anijaya\system\CodeIgniter.php(825): App\Controllers\C_laporan->cetak_laporan_penjualan()
#6 C:\laragon\www\anijaya\system\CodeIgniter.php(412): CodeIgniter\CodeIgniter->runController(Object(App\Controllers\C_laporan))
#7 C:\laragon\www\anijaya\system\CodeIgniter.php(320): CodeIgniter\CodeIgniter->handleRequest(NULL, Object(Config\Cache), false)
#8 C:\laragon\www\anijaya\public\index.php(37): CodeIgniter\CodeIgniter->run()
#9 {main}
CRITICAL - 2022-08-08 11:00:01 --> Object of class stdClass could not be converted to number
#0 C:\laragon\www\anijaya\app\Views\laporan_penjualan\V_cetak_penjualan.php(78): CodeIgniter\Debug\Exceptions->errorHandler(8, 'Object of class...', 'C:\\laragon\\www\\...', 78, Array)
#1 C:\laragon\www\anijaya\system\View\View.php(210): include('C:\\laragon\\www\\...')
#2 C:\laragon\www\anijaya\system\View\View.php(213): CodeIgniter\View\View->CodeIgniter\View\{closure}()
#3 C:\laragon\www\anijaya\system\Common.php(1089): CodeIgniter\View\View->render('laporan_penjual...', Array, true)
#4 C:\laragon\www\anijaya\app\Controllers\C_laporan.php(26): view('laporan_penjual...', Array)
#5 C:\laragon\www\anijaya\system\CodeIgniter.php(825): App\Controllers\C_laporan->cetak_laporan_penjualan()
#6 C:\laragon\www\anijaya\system\CodeIgniter.php(412): CodeIgniter\CodeIgniter->runController(Object(App\Controllers\C_laporan))
#7 C:\laragon\www\anijaya\system\CodeIgniter.php(320): CodeIgniter\CodeIgniter->handleRequest(NULL, Object(Config\Cache), false)
#8 C:\laragon\www\anijaya\public\index.php(37): CodeIgniter\CodeIgniter->run()
#9 {main}
CRITICAL - 2022-08-08 11:06:55 --> Undefined property: stdClass::$harga_barang
#0 C:\laragon\www\anijaya\app\Views\laporan_pemesanan\V_cetak_pemesanan.php(115): CodeIgniter\Debug\Exceptions->errorHandler(8, 'Undefined prope...', 'C:\\laragon\\www\\...', 115, Array)
#1 C:\laragon\www\anijaya\system\View\View.php(210): include('C:\\laragon\\www\\...')
#2 C:\laragon\www\anijaya\system\View\View.php(213): CodeIgniter\View\View->CodeIgniter\View\{closure}()
#3 C:\laragon\www\anijaya\system\Common.php(1089): CodeIgniter\View\View->render('laporan_pemesan...', Array, true)
#4 C:\laragon\www\anijaya\app\Controllers\C_laporan.php(50): view('laporan_pemesan...', Array)
#5 C:\laragon\www\anijaya\system\CodeIgniter.php(825): App\Controllers\C_laporan->cetak_laporan_pemesanan()
#6 C:\laragon\www\anijaya\system\CodeIgniter.php(412): CodeIgniter\CodeIgniter->runController(Object(App\Controllers\C_laporan))
#7 C:\laragon\www\anijaya\system\CodeIgniter.php(320): CodeIgniter\CodeIgniter->handleRequest(NULL, Object(Config\Cache), false)
#8 C:\laragon\www\anijaya\public\index.php(37): CodeIgniter\CodeIgniter->run()
#9 {main}
ERROR - 2022-08-08 11:07:50 --> Unknown column 'id_penjualan' in 'where clause'
CRITICAL - 2022-08-08 11:07:50 --> Unknown column 'id_penjualan' in 'where clause'
#0 C:\laragon\www\anijaya\system\Database\MySQLi\Connection.php(292): mysqli->query('SELECT sum(harg...', 0)
#1 C:\laragon\www\anijaya\system\Database\BaseConnection.php(670): CodeIgniter\Database\MySQLi\Connection->execute('SELECT sum(harg...')
#2 C:\laragon\www\anijaya\system\Database\BaseConnection.php(598): CodeIgniter\Database\BaseConnection->simpleQuery('SELECT sum(harg...')
#3 C:\laragon\www\anijaya\system\Database\BaseBuilder.php(1455): CodeIgniter\Database\BaseConnection->query('SELECT sum(harg...', Array, false)
#4 C:\laragon\www\anijaya\app\Views\laporan_pemesanan\V_cetak_pemesanan.php(75): CodeIgniter\Database\BaseBuilder->get()
#5 C:\laragon\www\anijaya\system\View\View.php(210): include('C:\\laragon\\www\\...')
#6 C:\laragon\www\anijaya\system\View\View.php(213): CodeIgniter\View\View->CodeIgniter\View\{closure}()
#7 C:\laragon\www\anijaya\system\Common.php(1089): CodeIgniter\View\View->render('laporan_pemesan...', Array, true)
#8 C:\laragon\www\anijaya\app\Controllers\C_laporan.php(50): view('laporan_pemesan...', Array)
#9 C:\laragon\www\anijaya\system\CodeIgniter.php(825): App\Controllers\C_laporan->cetak_laporan_pemesanan()
#10 C:\laragon\www\anijaya\system\CodeIgniter.php(412): CodeIgniter\CodeIgniter->runController(Object(App\Controllers\C_laporan))
#11 C:\laragon\www\anijaya\system\CodeIgniter.php(320): CodeIgniter\CodeIgniter->handleRequest(NULL, Object(Config\Cache), false)
#12 C:\laragon\www\anijaya\public\index.php(37): CodeIgniter\CodeIgniter->run()
#13 {main}
ERROR - 2022-08-08 11:08:06 --> Unknown column 'id_penjualan' in 'where clause'
CRITICAL - 2022-08-08 11:08:06 --> Unknown column 'id_penjualan' in 'where clause'
#0 C:\laragon\www\anijaya\system\Database\MySQLi\Connection.php(292): mysqli->query('SELECT sum(harg...', 0)
#1 C:\laragon\www\anijaya\system\Database\BaseConnection.php(670): CodeIgniter\Database\MySQLi\Connection->execute('SELECT sum(harg...')
#2 C:\laragon\www\anijaya\system\Database\BaseConnection.php(598): CodeIgniter\Database\BaseConnection->simpleQuery('SELECT sum(harg...')
#3 C:\laragon\www\anijaya\system\Database\BaseBuilder.php(1455): CodeIgniter\Database\BaseConnection->query('SELECT sum(harg...', Array, false)
#4 C:\laragon\www\anijaya\app\Views\laporan_pemesanan\V_cetak_pemesanan.php(75): CodeIgniter\Database\BaseBuilder->get()
#5 C:\laragon\www\anijaya\system\View\View.php(210): include('C:\\laragon\\www\\...')
#6 C:\laragon\www\anijaya\system\View\View.php(213): CodeIgniter\View\View->CodeIgniter\View\{closure}()
#7 C:\laragon\www\anijaya\system\Common.php(1089): CodeIgniter\View\View->render('laporan_pemesan...', Array, true)
#8 C:\laragon\www\anijaya\app\Controllers\C_laporan.php(50): view('laporan_pemesan...', Array)
#9 C:\laragon\www\anijaya\system\CodeIgniter.php(825): App\Controllers\C_laporan->cetak_laporan_pemesanan()
#10 C:\laragon\www\anijaya\system\CodeIgniter.php(412): CodeIgniter\CodeIgniter->runController(Object(App\Controllers\C_laporan))
#11 C:\laragon\www\anijaya\system\CodeIgniter.php(320): CodeIgniter\CodeIgniter->handleRequest(NULL, Object(Config\Cache), false)
#12 C:\laragon\www\anijaya\public\index.php(37): CodeIgniter\CodeIgniter->run()
#13 {main}
