CRITICAL - 2022-02-01 00:40:00 --> Undefined property: stdClass::$id_user
#0 C:\xampp\htdocs\anijaya\app\Views\master\V_user.php(37): CodeIgniter\Debug\Exceptions->errorHandler(8, 'Undefined prope...', 'C:\\xampp\\htdocs...', 37, Array)
#1 C:\xampp\htdocs\anijaya\system\View\View.php(210): include('C:\\xampp\\htdocs...')
#2 C:\xampp\htdocs\anijaya\system\View\View.php(213): CodeIgniter\View\View->CodeIgniter\View\{closure}()
#3 C:\xampp\htdocs\anijaya\system\Common.php(1089): CodeIgniter\View\View->render('master/V_user', Array, true)
#4 C:\xampp\htdocs\anijaya\app\Controllers\C_user.php(16): view('master/V_user', Array)
#5 C:\xampp\htdocs\anijaya\system\CodeIgniter.php(825): App\Controllers\C_user->index()
#6 C:\xampp\htdocs\anijaya\system\CodeIgniter.php(412): CodeIgniter\CodeIgniter->runController(Object(App\Controllers\C_user))
#7 C:\xampp\htdocs\anijaya\system\CodeIgniter.php(320): CodeIgniter\CodeIgniter->handleRequest(NULL, Object(Config\Cache), false)
#8 C:\xampp\htdocs\anijaya\public\index.php(37): CodeIgniter\CodeIgniter->run()
#9 {main}
CRITICAL - 2022-02-01 02:09:53 --> Undefined property: stdClass::$id_user
#0 C:\xampp\htdocs\anijaya\app\Views\master\V_satuan.php(45): CodeIgniter\Debug\Exceptions->errorHandler(8, 'Undefined prope...', 'C:\\xampp\\htdocs...', 45, Array)
#1 C:\xampp\htdocs\anijaya\system\View\View.php(210): include('C:\\xampp\\htdocs...')
#2 C:\xampp\htdocs\anijaya\system\View\View.php(213): CodeIgniter\View\View->CodeIgniter\View\{closure}()
#3 C:\xampp\htdocs\anijaya\system\Common.php(1089): CodeIgniter\View\View->render('master/V_satuan', Array, true)
#4 C:\xampp\htdocs\anijaya\app\Controllers\C_satuan.php(12): view('master/V_satuan', Array)
#5 C:\xampp\htdocs\anijaya\system\CodeIgniter.php(825): App\Controllers\C_satuan->index()
#6 C:\xampp\htdocs\anijaya\system\CodeIgniter.php(412): CodeIgniter\CodeIgniter->runController(Object(App\Controllers\C_satuan))
#7 C:\xampp\htdocs\anijaya\system\CodeIgniter.php(320): CodeIgniter\CodeIgniter->handleRequest(NULL, Object(Config\Cache), false)
#8 C:\xampp\htdocs\anijaya\public\index.php(37): CodeIgniter\CodeIgniter->run()
#9 {main}
CRITICAL - 2022-02-01 05:17:18 --> Invalid file: master/V_pengeluaran.php
#0 C:\xampp\htdocs\anijaya\system\View\View.php(198): CodeIgniter\Exceptions\FrameworkException::forInvalidFile('master/V_pengel...')
#1 C:\xampp\htdocs\anijaya\system\Common.php(1089): CodeIgniter\View\View->render('master/V_pengel...', Array, true)
#2 C:\xampp\htdocs\anijaya\app\Controllers\C_pengeluaran.php(13): view('master/V_pengel...', Array)
#3 C:\xampp\htdocs\anijaya\system\CodeIgniter.php(825): App\Controllers\C_pengeluaran->index()
#4 C:\xampp\htdocs\anijaya\system\CodeIgniter.php(412): CodeIgniter\CodeIgniter->runController(Object(App\Controllers\C_pengeluaran))
#5 C:\xampp\htdocs\anijaya\system\CodeIgniter.php(320): CodeIgniter\CodeIgniter->handleRequest(NULL, Object(Config\Cache), false)
#6 C:\xampp\htdocs\anijaya\public\index.php(37): CodeIgniter\CodeIgniter->run()
#7 {main}
CRITICAL - 2022-02-01 05:18:31 --> Undefined variable: datasatuan
#0 C:\xampp\htdocs\anijaya\app\Views\V_pengeluaran.php(99): CodeIgniter\Debug\Exceptions->errorHandler(8, 'Undefined varia...', 'C:\\xampp\\htdocs...', 99, Array)
#1 C:\xampp\htdocs\anijaya\system\View\View.php(210): include('C:\\xampp\\htdocs...')
#2 C:\xampp\htdocs\anijaya\system\View\View.php(213): CodeIgniter\View\View->CodeIgniter\View\{closure}()
#3 C:\xampp\htdocs\anijaya\system\Common.php(1089): CodeIgniter\View\View->render('V_pengeluaran', Array, true)
#4 C:\xampp\htdocs\anijaya\app\Controllers\C_pengeluaran.php(13): view('V_pengeluaran', Array)
#5 C:\xampp\htdocs\anijaya\system\CodeIgniter.php(825): App\Controllers\C_pengeluaran->index()
#6 C:\xampp\htdocs\anijaya\system\CodeIgniter.php(412): CodeIgniter\CodeIgniter->runController(Object(App\Controllers\C_pengeluaran))
#7 C:\xampp\htdocs\anijaya\system\CodeIgniter.php(320): CodeIgniter\CodeIgniter->handleRequest(NULL, Object(Config\Cache), false)
#8 C:\xampp\htdocs\anijaya\public\index.php(37): CodeIgniter\CodeIgniter->run()
#9 {main}
CRITICAL - 2022-02-01 05:19:52 --> Undefined property: stdClass::$no
#0 C:\xampp\htdocs\anijaya\app\Views\V_pengeluaran.php(51): CodeIgniter\Debug\Exceptions->errorHandler(8, 'Undefined prope...', 'C:\\xampp\\htdocs...', 51, Array)
#1 C:\xampp\htdocs\anijaya\system\View\View.php(210): include('C:\\xampp\\htdocs...')
#2 C:\xampp\htdocs\anijaya\system\View\View.php(213): CodeIgniter\View\View->CodeIgniter\View\{closure}()
#3 C:\xampp\htdocs\anijaya\system\Common.php(1089): CodeIgniter\View\View->render('V_pengeluaran', Array, true)
#4 C:\xampp\htdocs\anijaya\app\Controllers\C_pengeluaran.php(13): view('V_pengeluaran', Array)
#5 C:\xampp\htdocs\anijaya\system\CodeIgniter.php(825): App\Controllers\C_pengeluaran->index()
#6 C:\xampp\htdocs\anijaya\system\CodeIgniter.php(412): CodeIgniter\CodeIgniter->runController(Object(App\Controllers\C_pengeluaran))
#7 C:\xampp\htdocs\anijaya\system\CodeIgniter.php(320): CodeIgniter\CodeIgniter->handleRequest(NULL, Object(Config\Cache), false)
#8 C:\xampp\htdocs\anijaya\public\index.php(37): CodeIgniter\CodeIgniter->run()
#9 {main}
CRITICAL - 2022-02-01 06:29:20 --> unlink(./public/file/gambar_barang/1643718014_37642b6e95d6c8a8ff9a.jpg): No such file or directory
#0 [internal function]: CodeIgniter\Debug\Exceptions->errorHandler(2, 'unlink(./public...', 'C:\\xampp\\htdocs...', 67, Array)
#1 C:\xampp\htdocs\anijaya\app\Controllers\C_barang.php(67): unlink('./public/file/g...')
#2 C:\xampp\htdocs\anijaya\system\CodeIgniter.php(825): App\Controllers\C_barang->edit_barang()
#3 C:\xampp\htdocs\anijaya\system\CodeIgniter.php(412): CodeIgniter\CodeIgniter->runController(Object(App\Controllers\C_barang))
#4 C:\xampp\htdocs\anijaya\system\CodeIgniter.php(320): CodeIgniter\CodeIgniter->handleRequest(NULL, Object(Config\Cache), false)
#5 C:\xampp\htdocs\anijaya\public\index.php(37): CodeIgniter\CodeIgniter->run()
#6 {main}
CRITICAL - 2022-02-01 06:30:41 --> unlink(../file/gambar_barang/1643718014_37642b6e95d6c8a8ff9a.jpg): No such file or directory
#0 [internal function]: CodeIgniter\Debug\Exceptions->errorHandler(2, 'unlink(../file/...', 'C:\\xampp\\htdocs...', 67, Array)
#1 C:\xampp\htdocs\anijaya\app\Controllers\C_barang.php(67): unlink('../file/gambar_...')
#2 C:\xampp\htdocs\anijaya\system\CodeIgniter.php(825): App\Controllers\C_barang->edit_barang()
#3 C:\xampp\htdocs\anijaya\system\CodeIgniter.php(412): CodeIgniter\CodeIgniter->runController(Object(App\Controllers\C_barang))
#4 C:\xampp\htdocs\anijaya\system\CodeIgniter.php(320): CodeIgniter\CodeIgniter->handleRequest(NULL, Object(Config\Cache), false)
#5 C:\xampp\htdocs\anijaya\public\index.php(37): CodeIgniter\CodeIgniter->run()
#6 {main}
