CRITICAL - 2022-03-05 00:45:18 --> Undefined variable: level
#0 C:\laragon\www\anijaya\app\Views\template\V_menu.php(25): CodeIgniter\Debug\Exceptions->errorHandler(8, 'Undefined varia...', 'C:\\laragon\\www\\...', 25, Array)
#1 C:\laragon\www\anijaya\system\View\View.php(210): include('C:\\laragon\\www\\...')
#2 C:\laragon\www\anijaya\system\View\View.php(213): CodeIgniter\View\View->CodeIgniter\View\{closure}()
#3 C:\laragon\www\anijaya\system\View\View.php(424): CodeIgniter\View\View->render('template/V_menu', NULL, true)
#4 C:\laragon\www\anijaya\app\Views\template\V_header.php(46): CodeIgniter\View\View->include('template/V_menu')
#5 C:\laragon\www\anijaya\system\View\View.php(210): include('C:\\laragon\\www\\...')
#6 C:\laragon\www\anijaya\system\View\View.php(213): CodeIgniter\View\View->CodeIgniter\View\{closure}()
#7 C:\laragon\www\anijaya\system\View\View.php(226): CodeIgniter\View\View->render('template/V_head...', Array, true)
#8 C:\laragon\www\anijaya\system\Common.php(1089): CodeIgniter\View\View->render('V_home', Array, true)
#9 C:\laragon\www\anijaya\app\Controllers\C_laporan.php(10): view('V_home', Array)
#10 C:\laragon\www\anijaya\system\CodeIgniter.php(825): App\Controllers\C_laporan->index()
#11 C:\laragon\www\anijaya\system\CodeIgniter.php(412): CodeIgniter\CodeIgniter->runController(Object(App\Controllers\C_laporan))
#12 C:\laragon\www\anijaya\system\CodeIgniter.php(320): CodeIgniter\CodeIgniter->handleRequest(NULL, Object(Config\Cache), false)
#13 C:\laragon\www\anijaya\public\index.php(37): CodeIgniter\CodeIgniter->run()
#14 {main}
CRITICAL - 2022-03-05 01:13:11 --> Undefined variable: penjualan
#0 C:\laragon\www\anijaya\app\Views\laporan_penjualan\V_cetak_penjualan.php(37): CodeIgniter\Debug\Exceptions->errorHandler(8, 'Undefined varia...', 'C:\\laragon\\www\\...', 37, Array)
#1 C:\laragon\www\anijaya\system\View\View.php(210): include('C:\\laragon\\www\\...')
#2 C:\laragon\www\anijaya\system\View\View.php(213): CodeIgniter\View\View->CodeIgniter\View\{closure}()
#3 C:\laragon\www\anijaya\system\Common.php(1089): CodeIgniter\View\View->render('laporan_penjual...', Array, true)
#4 C:\laragon\www\anijaya\app\Controllers\C_laporan.php(26): view('laporan_penjual...', Array)
#5 C:\laragon\www\anijaya\system\CodeIgniter.php(825): App\Controllers\C_laporan->cetak_laporan_penjualan()
#6 C:\laragon\www\anijaya\system\CodeIgniter.php(412): CodeIgniter\CodeIgniter->runController(Object(App\Controllers\C_laporan))
#7 C:\laragon\www\anijaya\system\CodeIgniter.php(320): CodeIgniter\CodeIgniter->handleRequest(NULL, Object(Config\Cache), false)
#8 C:\laragon\www\anijaya\public\index.php(37): CodeIgniter\CodeIgniter->run()
#9 {main}
CRITICAL - 2022-03-05 01:15:19 --> Undefined variable: detail
#0 C:\laragon\www\anijaya\app\Views\laporan_penjualan\V_cetak_penjualan.php(60): CodeIgniter\Debug\Exceptions->errorHandler(8, 'Undefined varia...', 'C:\\laragon\\www\\...', 60, Array)
#1 C:\laragon\www\anijaya\system\View\View.php(210): include('C:\\laragon\\www\\...')
#2 C:\laragon\www\anijaya\system\View\View.php(213): CodeIgniter\View\View->CodeIgniter\View\{closure}()
#3 C:\laragon\www\anijaya\system\Common.php(1089): CodeIgniter\View\View->render('laporan_penjual...', Array, true)
#4 C:\laragon\www\anijaya\app\Controllers\C_laporan.php(26): view('laporan_penjual...', Array)
#5 C:\laragon\www\anijaya\system\CodeIgniter.php(825): App\Controllers\C_laporan->cetak_laporan_penjualan()
#6 C:\laragon\www\anijaya\system\CodeIgniter.php(412): CodeIgniter\CodeIgniter->runController(Object(App\Controllers\C_laporan))
#7 C:\laragon\www\anijaya\system\CodeIgniter.php(320): CodeIgniter\CodeIgniter->handleRequest(NULL, Object(Config\Cache), false)
#8 C:\laragon\www\anijaya\public\index.php(37): CodeIgniter\CodeIgniter->run()
#9 {main}
CRITICAL - 2022-03-05 02:09:37 --> Undefined property: stdClass::$harga_barang
#0 C:\laragon\www\anijaya\app\Views\laporan_pemesanan\V_cetak_pemesanan.php(69): CodeIgniter\Debug\Exceptions->errorHandler(8, 'Undefined prope...', 'C:\\laragon\\www\\...', 69, Array)
#1 C:\laragon\www\anijaya\system\View\View.php(210): include('C:\\laragon\\www\\...')
#2 C:\laragon\www\anijaya\system\View\View.php(213): CodeIgniter\View\View->CodeIgniter\View\{closure}()
#3 C:\laragon\www\anijaya\system\Common.php(1089): CodeIgniter\View\View->render('laporan_pemesan...', Array, true)
#4 C:\laragon\www\anijaya\app\Controllers\C_laporan.php(50): view('laporan_pemesan...', Array)
#5 C:\laragon\www\anijaya\system\CodeIgniter.php(825): App\Controllers\C_laporan->cetak_laporan_pemesanan()
#6 C:\laragon\www\anijaya\system\CodeIgniter.php(412): CodeIgniter\CodeIgniter->runController(Object(App\Controllers\C_laporan))
#7 C:\laragon\www\anijaya\system\CodeIgniter.php(320): CodeIgniter\CodeIgniter->handleRequest(NULL, Object(Config\Cache), false)
#8 C:\laragon\www\anijaya\public\index.php(37): CodeIgniter\CodeIgniter->run()
#9 {main}
CRITICAL - 2022-03-05 02:34:23 --> Invalid file: laporan_pealanggan/V_laporan_pelanggan.php
#0 C:\laragon\www\anijaya\system\View\View.php(198): CodeIgniter\Exceptions\FrameworkException::forInvalidFile('laporan_pealang...')
#1 C:\laragon\www\anijaya\system\Common.php(1089): CodeIgniter\View\View->render('laporan_pealang...', Array, true)
#2 C:\laragon\www\anijaya\app\Controllers\C_laporan.php(68): view('laporan_pealang...', Array)
#3 C:\laragon\www\anijaya\system\CodeIgniter.php(825): App\Controllers\C_laporan->cetak_laporan_pelanggan()
#4 C:\laragon\www\anijaya\system\CodeIgniter.php(412): CodeIgniter\CodeIgniter->runController(Object(App\Controllers\C_laporan))
#5 C:\laragon\www\anijaya\system\CodeIgniter.php(320): CodeIgniter\CodeIgniter->handleRequest(NULL, Object(Config\Cache), false)
#6 C:\laragon\www\anijaya\public\index.php(37): CodeIgniter\CodeIgniter->run()
#7 {main}
ERROR - 2022-03-05 02:49:40 --> You have an error in your SQL syntax; check the manual that corresponds to your MySQL server version for the right syntax to use near 'IS NULL
AND `pengeluaran`.`tanggal` < IS NULL
ORDER BY `pengeluaran`.`tanggal` D' at line 3
CRITICAL - 2022-03-05 02:49:40 --> You have an error in your SQL syntax; check the manual that corresponds to your MySQL server version for the right syntax to use near 'IS NULL
AND `pengeluaran`.`tanggal` < IS NULL
ORDER BY `pengeluaran`.`tanggal` D' at line 3
#0 C:\laragon\www\anijaya\system\Database\MySQLi\Connection.php(292): mysqli->query('SELECT *\nFROM `...', 0)
#1 C:\laragon\www\anijaya\system\Database\BaseConnection.php(670): CodeIgniter\Database\MySQLi\Connection->execute('SELECT *\nFROM `...')
#2 C:\laragon\www\anijaya\system\Database\BaseConnection.php(598): CodeIgniter\Database\BaseConnection->simpleQuery('SELECT *\nFROM `...')
#3 C:\laragon\www\anijaya\system\Database\BaseBuilder.php(1455): CodeIgniter\Database\BaseConnection->query('SELECT *\nFROM `...', Array, false)
#4 C:\laragon\www\anijaya\app\Controllers\C_laporan.php(89): CodeIgniter\Database\BaseBuilder->get()
#5 C:\laragon\www\anijaya\system\CodeIgniter.php(825): App\Controllers\C_laporan->cetak_laporan_pengeluaran()
#6 C:\laragon\www\anijaya\system\CodeIgniter.php(412): CodeIgniter\CodeIgniter->runController(Object(App\Controllers\C_laporan))
#7 C:\laragon\www\anijaya\system\CodeIgniter.php(320): CodeIgniter\CodeIgniter->handleRequest(NULL, Object(Config\Cache), false)
#8 C:\laragon\www\anijaya\public\index.php(37): CodeIgniter\CodeIgniter->run()
#9 {main}
ERROR - 2022-03-05 02:50:10 --> You have an error in your SQL syntax; check the manual that corresponds to your MySQL server version for the right syntax to use near 'IS NULL
AND `pengeluaran`.`tanggal` < IS NULL
ORDER BY `pengeluaran`.`tanggal` D' at line 3
CRITICAL - 2022-03-05 02:50:10 --> You have an error in your SQL syntax; check the manual that corresponds to your MySQL server version for the right syntax to use near 'IS NULL
AND `pengeluaran`.`tanggal` < IS NULL
ORDER BY `pengeluaran`.`tanggal` D' at line 3
#0 C:\laragon\www\anijaya\system\Database\MySQLi\Connection.php(292): mysqli->query('SELECT *\nFROM `...', 0)
#1 C:\laragon\www\anijaya\system\Database\BaseConnection.php(670): CodeIgniter\Database\MySQLi\Connection->execute('SELECT *\nFROM `...')
#2 C:\laragon\www\anijaya\system\Database\BaseConnection.php(598): CodeIgniter\Database\BaseConnection->simpleQuery('SELECT *\nFROM `...')
#3 C:\laragon\www\anijaya\system\Database\BaseBuilder.php(1455): CodeIgniter\Database\BaseConnection->query('SELECT *\nFROM `...', Array, false)
#4 C:\laragon\www\anijaya\app\Controllers\C_laporan.php(89): CodeIgniter\Database\BaseBuilder->get()
#5 C:\laragon\www\anijaya\system\CodeIgniter.php(825): App\Controllers\C_laporan->cetak_laporan_pengeluaran()
#6 C:\laragon\www\anijaya\system\CodeIgniter.php(412): CodeIgniter\CodeIgniter->runController(Object(App\Controllers\C_laporan))
#7 C:\laragon\www\anijaya\system\CodeIgniter.php(320): CodeIgniter\CodeIgniter->handleRequest(NULL, Object(Config\Cache), false)
#8 C:\laragon\www\anijaya\public\index.php(37): CodeIgniter\CodeIgniter->run()
#9 {main}
CRITICAL - 2022-03-05 02:51:53 --> Invalid file: laporan_pengeluara/V_cetak_pengeluaran.php
#0 C:\laragon\www\anijaya\system\View\View.php(198): CodeIgniter\Exceptions\FrameworkException::forInvalidFile('laporan_pengelu...')
#1 C:\laragon\www\anijaya\system\Common.php(1089): CodeIgniter\View\View->render('laporan_pengelu...', Array, true)
#2 C:\laragon\www\anijaya\app\Controllers\C_laporan.php(90): view('laporan_pengelu...', Array)
#3 C:\laragon\www\anijaya\system\CodeIgniter.php(825): App\Controllers\C_laporan->cetak_laporan_pengeluaran()
#4 C:\laragon\www\anijaya\system\CodeIgniter.php(412): CodeIgniter\CodeIgniter->runController(Object(App\Controllers\C_laporan))
#5 C:\laragon\www\anijaya\system\CodeIgniter.php(320): CodeIgniter\CodeIgniter->handleRequest(NULL, Object(Config\Cache), false)
#6 C:\laragon\www\anijaya\public\index.php(37): CodeIgniter\CodeIgniter->run()
#7 {main}
CRITICAL - 2022-03-05 03:57:04 --> Undefined variable: level
#0 C:\laragon\www\anijaya\app\Views\template\V_menu.php(25): CodeIgniter\Debug\Exceptions->errorHandler(8, 'Undefined varia...', 'C:\\laragon\\www\\...', 25, Array)
#1 C:\laragon\www\anijaya\system\View\View.php(210): include('C:\\laragon\\www\\...')
#2 C:\laragon\www\anijaya\system\View\View.php(213): CodeIgniter\View\View->CodeIgniter\View\{closure}()
#3 C:\laragon\www\anijaya\system\View\View.php(424): CodeIgniter\View\View->render('template/V_menu', NULL, true)
#4 C:\laragon\www\anijaya\app\Views\template\V_header.php(46): CodeIgniter\View\View->include('template/V_menu')
#5 C:\laragon\www\anijaya\system\View\View.php(210): include('C:\\laragon\\www\\...')
#6 C:\laragon\www\anijaya\system\View\View.php(213): CodeIgniter\View\View->CodeIgniter\View\{closure}()
#7 C:\laragon\www\anijaya\system\View\View.php(226): CodeIgniter\View\View->render('template/V_head...', Array, true)
#8 C:\laragon\www\anijaya\system\Common.php(1089): CodeIgniter\View\View->render('V_home', Array, true)
#9 C:\laragon\www\anijaya\app\Controllers\C_home.php(22): view('V_home', Array)
#10 C:\laragon\www\anijaya\system\CodeIgniter.php(825): App\Controllers\C_home->index()
#11 C:\laragon\www\anijaya\system\CodeIgniter.php(412): CodeIgniter\CodeIgniter->runController(Object(App\Controllers\C_home))
#12 C:\laragon\www\anijaya\system\CodeIgniter.php(320): CodeIgniter\CodeIgniter->handleRequest(NULL, Object(Config\Cache), false)
#13 C:\laragon\www\anijaya\public\index.php(37): CodeIgniter\CodeIgniter->run()
#14 {main}
CRITICAL - 2022-03-05 03:58:24 --> Undefined variable: level
#0 C:\laragon\www\anijaya\app\Views\template\V_menu.php(25): CodeIgniter\Debug\Exceptions->errorHandler(8, 'Undefined varia...', 'C:\\laragon\\www\\...', 25, Array)
#1 C:\laragon\www\anijaya\system\View\View.php(210): include('C:\\laragon\\www\\...')
#2 C:\laragon\www\anijaya\system\View\View.php(213): CodeIgniter\View\View->CodeIgniter\View\{closure}()
#3 C:\laragon\www\anijaya\system\View\View.php(424): CodeIgniter\View\View->render('template/V_menu', NULL, true)
#4 C:\laragon\www\anijaya\app\Views\template\V_header.php(46): CodeIgniter\View\View->include('template/V_menu')
#5 C:\laragon\www\anijaya\system\View\View.php(210): include('C:\\laragon\\www\\...')
#6 C:\laragon\www\anijaya\system\View\View.php(213): CodeIgniter\View\View->CodeIgniter\View\{closure}()
#7 C:\laragon\www\anijaya\system\View\View.php(226): CodeIgniter\View\View->render('template/V_head...', Array, true)
#8 C:\laragon\www\anijaya\system\Common.php(1089): CodeIgniter\View\View->render('V_home', Array, true)
#9 C:\laragon\www\anijaya\app\Controllers\C_home.php(25): view('V_home', Array)
#10 C:\laragon\www\anijaya\system\CodeIgniter.php(825): App\Controllers\C_home->index()
#11 C:\laragon\www\anijaya\system\CodeIgniter.php(412): CodeIgniter\CodeIgniter->runController(Object(App\Controllers\C_home))
#12 C:\laragon\www\anijaya\system\CodeIgniter.php(320): CodeIgniter\CodeIgniter->handleRequest(NULL, Object(Config\Cache), false)
#13 C:\laragon\www\anijaya\public\index.php(37): CodeIgniter\CodeIgniter->run()
#14 {main}
CRITICAL - 2022-03-05 03:58:26 --> Undefined variable: level
#0 C:\laragon\www\anijaya\app\Views\template\V_menu.php(25): CodeIgniter\Debug\Exceptions->errorHandler(8, 'Undefined varia...', 'C:\\laragon\\www\\...', 25, Array)
#1 C:\laragon\www\anijaya\system\View\View.php(210): include('C:\\laragon\\www\\...')
#2 C:\laragon\www\anijaya\system\View\View.php(213): CodeIgniter\View\View->CodeIgniter\View\{closure}()
#3 C:\laragon\www\anijaya\system\View\View.php(424): CodeIgniter\View\View->render('template/V_menu', NULL, true)
#4 C:\laragon\www\anijaya\app\Views\template\V_header.php(46): CodeIgniter\View\View->include('template/V_menu')
#5 C:\laragon\www\anijaya\system\View\View.php(210): include('C:\\laragon\\www\\...')
#6 C:\laragon\www\anijaya\system\View\View.php(213): CodeIgniter\View\View->CodeIgniter\View\{closure}()
#7 C:\laragon\www\anijaya\system\View\View.php(226): CodeIgniter\View\View->render('template/V_head...', Array, true)
#8 C:\laragon\www\anijaya\system\Common.php(1089): CodeIgniter\View\View->render('V_home', Array, true)
#9 C:\laragon\www\anijaya\app\Controllers\C_home.php(25): view('V_home', Array)
#10 C:\laragon\www\anijaya\system\CodeIgniter.php(825): App\Controllers\C_home->index()
#11 C:\laragon\www\anijaya\system\CodeIgniter.php(412): CodeIgniter\CodeIgniter->runController(Object(App\Controllers\C_home))
#12 C:\laragon\www\anijaya\system\CodeIgniter.php(320): CodeIgniter\CodeIgniter->handleRequest(NULL, Object(Config\Cache), false)
#13 C:\laragon\www\anijaya\public\index.php(37): CodeIgniter\CodeIgniter->run()
#14 {main}
CRITICAL - 2022-03-05 03:58:27 --> Undefined variable: level
#0 C:\laragon\www\anijaya\app\Views\template\V_menu.php(25): CodeIgniter\Debug\Exceptions->errorHandler(8, 'Undefined varia...', 'C:\\laragon\\www\\...', 25, Array)
#1 C:\laragon\www\anijaya\system\View\View.php(210): include('C:\\laragon\\www\\...')
#2 C:\laragon\www\anijaya\system\View\View.php(213): CodeIgniter\View\View->CodeIgniter\View\{closure}()
#3 C:\laragon\www\anijaya\system\View\View.php(424): CodeIgniter\View\View->render('template/V_menu', NULL, true)
#4 C:\laragon\www\anijaya\app\Views\template\V_header.php(46): CodeIgniter\View\View->include('template/V_menu')
#5 C:\laragon\www\anijaya\system\View\View.php(210): include('C:\\laragon\\www\\...')
#6 C:\laragon\www\anijaya\system\View\View.php(213): CodeIgniter\View\View->CodeIgniter\View\{closure}()
#7 C:\laragon\www\anijaya\system\View\View.php(226): CodeIgniter\View\View->render('template/V_head...', Array, true)
#8 C:\laragon\www\anijaya\system\Common.php(1089): CodeIgniter\View\View->render('V_home', Array, true)
#9 C:\laragon\www\anijaya\app\Controllers\C_home.php(25): view('V_home', Array)
#10 C:\laragon\www\anijaya\system\CodeIgniter.php(825): App\Controllers\C_home->index()
#11 C:\laragon\www\anijaya\system\CodeIgniter.php(412): CodeIgniter\CodeIgniter->runController(Object(App\Controllers\C_home))
#12 C:\laragon\www\anijaya\system\CodeIgniter.php(320): CodeIgniter\CodeIgniter->handleRequest(NULL, Object(Config\Cache), false)
#13 C:\laragon\www\anijaya\public\index.php(37): CodeIgniter\CodeIgniter->run()
#14 {main}
CRITICAL - 2022-03-05 03:58:35 --> Undefined variable: level
#0 C:\laragon\www\anijaya\app\Views\template\V_menu.php(25): CodeIgniter\Debug\Exceptions->errorHandler(8, 'Undefined varia...', 'C:\\laragon\\www\\...', 25, Array)
#1 C:\laragon\www\anijaya\system\View\View.php(210): include('C:\\laragon\\www\\...')
#2 C:\laragon\www\anijaya\system\View\View.php(213): CodeIgniter\View\View->CodeIgniter\View\{closure}()
#3 C:\laragon\www\anijaya\system\View\View.php(424): CodeIgniter\View\View->render('template/V_menu', NULL, true)
#4 C:\laragon\www\anijaya\app\Views\template\V_header.php(46): CodeIgniter\View\View->include('template/V_menu')
#5 C:\laragon\www\anijaya\system\View\View.php(210): include('C:\\laragon\\www\\...')
#6 C:\laragon\www\anijaya\system\View\View.php(213): CodeIgniter\View\View->CodeIgniter\View\{closure}()
#7 C:\laragon\www\anijaya\system\View\View.php(226): CodeIgniter\View\View->render('template/V_head...', Array, true)
#8 C:\laragon\www\anijaya\system\Common.php(1089): CodeIgniter\View\View->render('V_home', Array, true)
#9 C:\laragon\www\anijaya\app\Controllers\C_home.php(25): view('V_home', Array)
#10 C:\laragon\www\anijaya\system\CodeIgniter.php(825): App\Controllers\C_home->index()
#11 C:\laragon\www\anijaya\system\CodeIgniter.php(412): CodeIgniter\CodeIgniter->runController(Object(App\Controllers\C_home))
#12 C:\laragon\www\anijaya\system\CodeIgniter.php(320): CodeIgniter\CodeIgniter->handleRequest(NULL, Object(Config\Cache), false)
#13 C:\laragon\www\anijaya\public\index.php(37): CodeIgniter\CodeIgniter->run()
#14 {main}
CRITICAL - 2022-03-05 03:59:18 --> Undefined variable: level
#0 C:\laragon\www\anijaya\app\Views\template\V_menu.php(25): CodeIgniter\Debug\Exceptions->errorHandler(8, 'Undefined varia...', 'C:\\laragon\\www\\...', 25, Array)
#1 C:\laragon\www\anijaya\system\View\View.php(210): include('C:\\laragon\\www\\...')
#2 C:\laragon\www\anijaya\system\View\View.php(213): CodeIgniter\View\View->CodeIgniter\View\{closure}()
#3 C:\laragon\www\anijaya\system\View\View.php(424): CodeIgniter\View\View->render('template/V_menu', NULL, true)
#4 C:\laragon\www\anijaya\app\Views\template\V_header.php(46): CodeIgniter\View\View->include('template/V_menu')
#5 C:\laragon\www\anijaya\system\View\View.php(210): include('C:\\laragon\\www\\...')
#6 C:\laragon\www\anijaya\system\View\View.php(213): CodeIgniter\View\View->CodeIgniter\View\{closure}()
#7 C:\laragon\www\anijaya\system\View\View.php(226): CodeIgniter\View\View->render('template/V_head...', Array, true)
#8 C:\laragon\www\anijaya\system\Common.php(1089): CodeIgniter\View\View->render('V_home', Array, true)
#9 C:\laragon\www\anijaya\app\Controllers\C_home.php(25): view('V_home', Array)
#10 C:\laragon\www\anijaya\system\CodeIgniter.php(825): App\Controllers\C_home->index()
#11 C:\laragon\www\anijaya\system\CodeIgniter.php(412): CodeIgniter\CodeIgniter->runController(Object(App\Controllers\C_home))
#12 C:\laragon\www\anijaya\system\CodeIgniter.php(320): CodeIgniter\CodeIgniter->handleRequest(NULL, Object(Config\Cache), false)
#13 C:\laragon\www\anijaya\public\index.php(37): CodeIgniter\CodeIgniter->run()
#14 {main}
CRITICAL - 2022-03-05 03:59:21 --> Undefined variable: level
#0 C:\laragon\www\anijaya\app\Views\template\V_menu.php(25): CodeIgniter\Debug\Exceptions->errorHandler(8, 'Undefined varia...', 'C:\\laragon\\www\\...', 25, Array)
#1 C:\laragon\www\anijaya\system\View\View.php(210): include('C:\\laragon\\www\\...')
#2 C:\laragon\www\anijaya\system\View\View.php(213): CodeIgniter\View\View->CodeIgniter\View\{closure}()
#3 C:\laragon\www\anijaya\system\View\View.php(424): CodeIgniter\View\View->render('template/V_menu', NULL, true)
#4 C:\laragon\www\anijaya\app\Views\template\V_header.php(46): CodeIgniter\View\View->include('template/V_menu')
#5 C:\laragon\www\anijaya\system\View\View.php(210): include('C:\\laragon\\www\\...')
#6 C:\laragon\www\anijaya\system\View\View.php(213): CodeIgniter\View\View->CodeIgniter\View\{closure}()
#7 C:\laragon\www\anijaya\system\View\View.php(226): CodeIgniter\View\View->render('template/V_head...', Array, true)
#8 C:\laragon\www\anijaya\system\Common.php(1089): CodeIgniter\View\View->render('V_home', Array, true)
#9 C:\laragon\www\anijaya\app\Controllers\C_home.php(25): view('V_home', Array)
#10 C:\laragon\www\anijaya\system\CodeIgniter.php(825): App\Controllers\C_home->index()
#11 C:\laragon\www\anijaya\system\CodeIgniter.php(412): CodeIgniter\CodeIgniter->runController(Object(App\Controllers\C_home))
#12 C:\laragon\www\anijaya\system\CodeIgniter.php(320): CodeIgniter\CodeIgniter->handleRequest(NULL, Object(Config\Cache), false)
#13 C:\laragon\www\anijaya\public\index.php(37): CodeIgniter\CodeIgniter->run()
#14 {main}
CRITICAL - 2022-03-05 04:03:53 --> Undefined variable: level
#0 C:\laragon\www\anijaya\app\Views\template\V_menu.php(25): CodeIgniter\Debug\Exceptions->errorHandler(8, 'Undefined varia...', 'C:\\laragon\\www\\...', 25, Array)
#1 C:\laragon\www\anijaya\system\View\View.php(210): include('C:\\laragon\\www\\...')
#2 C:\laragon\www\anijaya\system\View\View.php(213): CodeIgniter\View\View->CodeIgniter\View\{closure}()
#3 C:\laragon\www\anijaya\system\View\View.php(424): CodeIgniter\View\View->render('template/V_menu', NULL, true)
#4 C:\laragon\www\anijaya\app\Views\template\V_header.php(46): CodeIgniter\View\View->include('template/V_menu')
#5 C:\laragon\www\anijaya\system\View\View.php(210): include('C:\\laragon\\www\\...')
#6 C:\laragon\www\anijaya\system\View\View.php(213): CodeIgniter\View\View->CodeIgniter\View\{closure}()
#7 C:\laragon\www\anijaya\system\View\View.php(226): CodeIgniter\View\View->render('template/V_head...', Array, true)
#8 C:\laragon\www\anijaya\system\Common.php(1089): CodeIgniter\View\View->render('V_home', Array, true)
#9 C:\laragon\www\anijaya\app\Controllers\C_home.php(25): view('V_home', Array)
#10 C:\laragon\www\anijaya\system\CodeIgniter.php(825): App\Controllers\C_home->index()
#11 C:\laragon\www\anijaya\system\CodeIgniter.php(412): CodeIgniter\CodeIgniter->runController(Object(App\Controllers\C_home))
#12 C:\laragon\www\anijaya\system\CodeIgniter.php(320): CodeIgniter\CodeIgniter->handleRequest(NULL, Object(Config\Cache), false)
#13 C:\laragon\www\anijaya\public\index.php(37): CodeIgniter\CodeIgniter->run()
#14 {main}
CRITICAL - 2022-03-05 04:21:08 --> Undefined variable: level
#0 C:\laragon\www\anijaya\app\Views\template\V_menu.php(25): CodeIgniter\Debug\Exceptions->errorHandler(8, 'Undefined varia...', 'C:\\laragon\\www\\...', 25, Array)
#1 C:\laragon\www\anijaya\system\View\View.php(210): include('C:\\laragon\\www\\...')
#2 C:\laragon\www\anijaya\system\View\View.php(213): CodeIgniter\View\View->CodeIgniter\View\{closure}()
#3 C:\laragon\www\anijaya\system\View\View.php(424): CodeIgniter\View\View->render('template/V_menu', NULL, true)
#4 C:\laragon\www\anijaya\app\Views\template\V_header.php(46): CodeIgniter\View\View->include('template/V_menu')
#5 C:\laragon\www\anijaya\system\View\View.php(210): include('C:\\laragon\\www\\...')
#6 C:\laragon\www\anijaya\system\View\View.php(213): CodeIgniter\View\View->CodeIgniter\View\{closure}()
#7 C:\laragon\www\anijaya\system\View\View.php(226): CodeIgniter\View\View->render('template/V_head...', Array, true)
#8 C:\laragon\www\anijaya\system\Common.php(1089): CodeIgniter\View\View->render('V_home', Array, true)
#9 C:\laragon\www\anijaya\app\Controllers\C_home.php(25): view('V_home', Array)
#10 C:\laragon\www\anijaya\system\CodeIgniter.php(825): App\Controllers\C_home->index()
#11 C:\laragon\www\anijaya\system\CodeIgniter.php(412): CodeIgniter\CodeIgniter->runController(Object(App\Controllers\C_home))
#12 C:\laragon\www\anijaya\system\CodeIgniter.php(320): CodeIgniter\CodeIgniter->handleRequest(NULL, Object(Config\Cache), false)
#13 C:\laragon\www\anijaya\public\index.php(37): CodeIgniter\CodeIgniter->run()
#14 {main}
CRITICAL - 2022-03-05 04:24:49 --> Undefined variable: level
#0 C:\laragon\www\anijaya\app\Views\template\V_menu.php(25): CodeIgniter\Debug\Exceptions->errorHandler(8, 'Undefined varia...', 'C:\\laragon\\www\\...', 25, Array)
#1 C:\laragon\www\anijaya\system\View\View.php(210): include('C:\\laragon\\www\\...')
#2 C:\laragon\www\anijaya\system\View\View.php(213): CodeIgniter\View\View->CodeIgniter\View\{closure}()
#3 C:\laragon\www\anijaya\system\View\View.php(424): CodeIgniter\View\View->render('template/V_menu', NULL, true)
#4 C:\laragon\www\anijaya\app\Views\template\V_header.php(46): CodeIgniter\View\View->include('template/V_menu')
#5 C:\laragon\www\anijaya\system\View\View.php(210): include('C:\\laragon\\www\\...')
#6 C:\laragon\www\anijaya\system\View\View.php(213): CodeIgniter\View\View->CodeIgniter\View\{closure}()
#7 C:\laragon\www\anijaya\system\View\View.php(226): CodeIgniter\View\View->render('template/V_head...', Array, true)
#8 C:\laragon\www\anijaya\system\Common.php(1089): CodeIgniter\View\View->render('V_home', Array, true)
#9 C:\laragon\www\anijaya\app\Controllers\C_home.php(18): view('V_home', Array)
#10 C:\laragon\www\anijaya\system\CodeIgniter.php(825): App\Controllers\C_home->index()
#11 C:\laragon\www\anijaya\system\CodeIgniter.php(412): CodeIgniter\CodeIgniter->runController(Object(App\Controllers\C_home))
#12 C:\laragon\www\anijaya\system\CodeIgniter.php(320): CodeIgniter\CodeIgniter->handleRequest(NULL, Object(Config\Cache), false)
#13 C:\laragon\www\anijaya\public\index.php(37): CodeIgniter\CodeIgniter->run()
#14 {main}
CRITICAL - 2022-03-05 04:25:24 --> Undefined variable: level
#0 C:\laragon\www\anijaya\app\Views\template\V_menu.php(25): CodeIgniter\Debug\Exceptions->errorHandler(8, 'Undefined varia...', 'C:\\laragon\\www\\...', 25, Array)
#1 C:\laragon\www\anijaya\system\View\View.php(210): include('C:\\laragon\\www\\...')
#2 C:\laragon\www\anijaya\system\View\View.php(213): CodeIgniter\View\View->CodeIgniter\View\{closure}()
#3 C:\laragon\www\anijaya\system\View\View.php(424): CodeIgniter\View\View->render('template/V_menu', NULL, true)
#4 C:\laragon\www\anijaya\app\Views\template\V_header.php(46): CodeIgniter\View\View->include('template/V_menu')
#5 C:\laragon\www\anijaya\system\View\View.php(210): include('C:\\laragon\\www\\...')
#6 C:\laragon\www\anijaya\system\View\View.php(213): CodeIgniter\View\View->CodeIgniter\View\{closure}()
#7 C:\laragon\www\anijaya\system\View\View.php(226): CodeIgniter\View\View->render('template/V_head...', Array, true)
#8 C:\laragon\www\anijaya\system\Common.php(1089): CodeIgniter\View\View->render('V_home', Array, true)
#9 C:\laragon\www\anijaya\app\Controllers\C_home.php(18): view('V_home', Array)
#10 C:\laragon\www\anijaya\system\CodeIgniter.php(825): App\Controllers\C_home->index()
#11 C:\laragon\www\anijaya\system\CodeIgniter.php(412): CodeIgniter\CodeIgniter->runController(Object(App\Controllers\C_home))
#12 C:\laragon\www\anijaya\system\CodeIgniter.php(320): CodeIgniter\CodeIgniter->handleRequest(NULL, Object(Config\Cache), false)
#13 C:\laragon\www\anijaya\public\index.php(37): CodeIgniter\CodeIgniter->run()
#14 {main}
CRITICAL - 2022-03-05 04:25:41 --> Undefined variable: session
#0 C:\laragon\www\anijaya\app\Controllers\BaseController.php(47): CodeIgniter\Debug\Exceptions->errorHandler(8, 'Undefined varia...', 'C:\\laragon\\www\\...', 47, Array)
#1 C:\laragon\www\anijaya\system\CodeIgniter.php(803): App\Controllers\BaseController->initController(Object(CodeIgniter\HTTP\IncomingRequest), Object(CodeIgniter\HTTP\Response), Object(CodeIgniter\Log\Logger))
#2 C:\laragon\www\anijaya\system\CodeIgniter.php(403): CodeIgniter\CodeIgniter->createController()
#3 C:\laragon\www\anijaya\system\CodeIgniter.php(320): CodeIgniter\CodeIgniter->handleRequest(NULL, Object(Config\Cache), false)
#4 C:\laragon\www\anijaya\public\index.php(37): CodeIgniter\CodeIgniter->run()
#5 {main}
CRITICAL - 2022-03-05 04:26:57 --> Undefined variable: level
#0 C:\laragon\www\anijaya\app\Views\template\V_menu.php(25): CodeIgniter\Debug\Exceptions->errorHandler(8, 'Undefined varia...', 'C:\\laragon\\www\\...', 25, Array)
#1 C:\laragon\www\anijaya\system\View\View.php(210): include('C:\\laragon\\www\\...')
#2 C:\laragon\www\anijaya\system\View\View.php(213): CodeIgniter\View\View->CodeIgniter\View\{closure}()
#3 C:\laragon\www\anijaya\system\View\View.php(424): CodeIgniter\View\View->render('template/V_menu', NULL, true)
#4 C:\laragon\www\anijaya\app\Views\template\V_header.php(46): CodeIgniter\View\View->include('template/V_menu')
#5 C:\laragon\www\anijaya\system\View\View.php(210): include('C:\\laragon\\www\\...')
#6 C:\laragon\www\anijaya\system\View\View.php(213): CodeIgniter\View\View->CodeIgniter\View\{closure}()
#7 C:\laragon\www\anijaya\system\View\View.php(226): CodeIgniter\View\View->render('template/V_head...', Array, true)
#8 C:\laragon\www\anijaya\system\Common.php(1089): CodeIgniter\View\View->render('V_home', Array, true)
#9 C:\laragon\www\anijaya\app\Controllers\C_home.php(18): view('V_home', Array)
#10 C:\laragon\www\anijaya\system\CodeIgniter.php(825): App\Controllers\C_home->index()
#11 C:\laragon\www\anijaya\system\CodeIgniter.php(412): CodeIgniter\CodeIgniter->runController(Object(App\Controllers\C_home))
#12 C:\laragon\www\anijaya\system\CodeIgniter.php(320): CodeIgniter\CodeIgniter->handleRequest(NULL, Object(Config\Cache), false)
#13 C:\laragon\www\anijaya\public\index.php(37): CodeIgniter\CodeIgniter->run()
#14 {main}
CRITICAL - 2022-03-05 04:26:58 --> Undefined variable: level
#0 C:\laragon\www\anijaya\app\Views\template\V_menu.php(25): CodeIgniter\Debug\Exceptions->errorHandler(8, 'Undefined varia...', 'C:\\laragon\\www\\...', 25, Array)
#1 C:\laragon\www\anijaya\system\View\View.php(210): include('C:\\laragon\\www\\...')
#2 C:\laragon\www\anijaya\system\View\View.php(213): CodeIgniter\View\View->CodeIgniter\View\{closure}()
#3 C:\laragon\www\anijaya\system\View\View.php(424): CodeIgniter\View\View->render('template/V_menu', NULL, true)
#4 C:\laragon\www\anijaya\app\Views\template\V_header.php(46): CodeIgniter\View\View->include('template/V_menu')
#5 C:\laragon\www\anijaya\system\View\View.php(210): include('C:\\laragon\\www\\...')
#6 C:\laragon\www\anijaya\system\View\View.php(213): CodeIgniter\View\View->CodeIgniter\View\{closure}()
#7 C:\laragon\www\anijaya\system\View\View.php(226): CodeIgniter\View\View->render('template/V_head...', Array, true)
#8 C:\laragon\www\anijaya\system\Common.php(1089): CodeIgniter\View\View->render('V_home', Array, true)
#9 C:\laragon\www\anijaya\app\Controllers\C_home.php(18): view('V_home', Array)
#10 C:\laragon\www\anijaya\system\CodeIgniter.php(825): App\Controllers\C_home->index()
#11 C:\laragon\www\anijaya\system\CodeIgniter.php(412): CodeIgniter\CodeIgniter->runController(Object(App\Controllers\C_home))
#12 C:\laragon\www\anijaya\system\CodeIgniter.php(320): CodeIgniter\CodeIgniter->handleRequest(NULL, Object(Config\Cache), false)
#13 C:\laragon\www\anijaya\public\index.php(37): CodeIgniter\CodeIgniter->run()
#14 {main}
CRITICAL - 2022-03-05 04:27:29 --> Undefined variable: level
#0 C:\laragon\www\anijaya\app\Views\template\V_menu.php(25): CodeIgniter\Debug\Exceptions->errorHandler(8, 'Undefined varia...', 'C:\\laragon\\www\\...', 25, Array)
#1 C:\laragon\www\anijaya\system\View\View.php(210): include('C:\\laragon\\www\\...')
#2 C:\laragon\www\anijaya\system\View\View.php(213): CodeIgniter\View\View->CodeIgniter\View\{closure}()
#3 C:\laragon\www\anijaya\system\View\View.php(424): CodeIgniter\View\View->render('template/V_menu', NULL, true)
#4 C:\laragon\www\anijaya\app\Views\template\V_header.php(46): CodeIgniter\View\View->include('template/V_menu')
#5 C:\laragon\www\anijaya\system\View\View.php(210): include('C:\\laragon\\www\\...')
#6 C:\laragon\www\anijaya\system\View\View.php(213): CodeIgniter\View\View->CodeIgniter\View\{closure}()
#7 C:\laragon\www\anijaya\system\View\View.php(226): CodeIgniter\View\View->render('template/V_head...', Array, true)
#8 C:\laragon\www\anijaya\system\Common.php(1089): CodeIgniter\View\View->render('V_home', Array, true)
#9 C:\laragon\www\anijaya\app\Controllers\C_home.php(18): view('V_home', Array)
#10 C:\laragon\www\anijaya\system\CodeIgniter.php(825): App\Controllers\C_home->index()
#11 C:\laragon\www\anijaya\system\CodeIgniter.php(412): CodeIgniter\CodeIgniter->runController(Object(App\Controllers\C_home))
#12 C:\laragon\www\anijaya\system\CodeIgniter.php(320): CodeIgniter\CodeIgniter->handleRequest(NULL, Object(Config\Cache), false)
#13 C:\laragon\www\anijaya\public\index.php(37): CodeIgniter\CodeIgniter->run()
#14 {main}
CRITICAL - 2022-03-05 04:28:20 --> Undefined variable: level
#0 C:\laragon\www\anijaya\app\Views\template\V_menu.php(25): CodeIgniter\Debug\Exceptions->errorHandler(8, 'Undefined varia...', 'C:\\laragon\\www\\...', 25, Array)
#1 C:\laragon\www\anijaya\system\View\View.php(210): include('C:\\laragon\\www\\...')
#2 C:\laragon\www\anijaya\system\View\View.php(213): CodeIgniter\View\View->CodeIgniter\View\{closure}()
#3 C:\laragon\www\anijaya\system\View\View.php(424): CodeIgniter\View\View->render('template/V_menu', NULL, true)
#4 C:\laragon\www\anijaya\app\Views\template\V_header.php(46): CodeIgniter\View\View->include('template/V_menu')
#5 C:\laragon\www\anijaya\system\View\View.php(210): include('C:\\laragon\\www\\...')
#6 C:\laragon\www\anijaya\system\View\View.php(213): CodeIgniter\View\View->CodeIgniter\View\{closure}()
#7 C:\laragon\www\anijaya\system\View\View.php(226): CodeIgniter\View\View->render('template/V_head...', Array, true)
#8 C:\laragon\www\anijaya\system\Common.php(1089): CodeIgniter\View\View->render('V_home', Array, true)
#9 C:\laragon\www\anijaya\app\Controllers\C_home.php(18): view('V_home', Array)
#10 C:\laragon\www\anijaya\system\CodeIgniter.php(825): App\Controllers\C_home->index()
#11 C:\laragon\www\anijaya\system\CodeIgniter.php(412): CodeIgniter\CodeIgniter->runController(Object(App\Controllers\C_home))
#12 C:\laragon\www\anijaya\system\CodeIgniter.php(320): CodeIgniter\CodeIgniter->handleRequest(NULL, Object(Config\Cache), false)
#13 C:\laragon\www\anijaya\public\index.php(37): CodeIgniter\CodeIgniter->run()
#14 {main}
CRITICAL - 2022-03-05 04:30:20 --> Undefined property: App\Controllers\C_home::$session
#0 C:\laragon\www\anijaya\app\Controllers\C_home.php(11): CodeIgniter\Debug\Exceptions->errorHandler(8, 'Undefined prope...', 'C:\\laragon\\www\\...', 11, Array)
#1 C:\laragon\www\anijaya\system\CodeIgniter.php(802): App\Controllers\C_home->__construct()
#2 C:\laragon\www\anijaya\system\CodeIgniter.php(403): CodeIgniter\CodeIgniter->createController()
#3 C:\laragon\www\anijaya\system\CodeIgniter.php(320): CodeIgniter\CodeIgniter->handleRequest(NULL, Object(Config\Cache), false)
#4 C:\laragon\www\anijaya\public\index.php(37): CodeIgniter\CodeIgniter->run()
#5 {main}
CRITICAL - 2022-03-05 04:30:34 --> Undefined variable: level
#0 C:\laragon\www\anijaya\app\Views\template\V_menu.php(25): CodeIgniter\Debug\Exceptions->errorHandler(8, 'Undefined varia...', 'C:\\laragon\\www\\...', 25, Array)
#1 C:\laragon\www\anijaya\system\View\View.php(210): include('C:\\laragon\\www\\...')
#2 C:\laragon\www\anijaya\system\View\View.php(213): CodeIgniter\View\View->CodeIgniter\View\{closure}()
#3 C:\laragon\www\anijaya\system\View\View.php(424): CodeIgniter\View\View->render('template/V_menu', NULL, true)
#4 C:\laragon\www\anijaya\app\Views\template\V_header.php(46): CodeIgniter\View\View->include('template/V_menu')
#5 C:\laragon\www\anijaya\system\View\View.php(210): include('C:\\laragon\\www\\...')
#6 C:\laragon\www\anijaya\system\View\View.php(213): CodeIgniter\View\View->CodeIgniter\View\{closure}()
#7 C:\laragon\www\anijaya\system\View\View.php(226): CodeIgniter\View\View->render('template/V_head...', Array, true)
#8 C:\laragon\www\anijaya\system\Common.php(1089): CodeIgniter\View\View->render('V_home', Array, true)
#9 C:\laragon\www\anijaya\app\Controllers\C_home.php(22): view('V_home', Array)
#10 C:\laragon\www\anijaya\system\CodeIgniter.php(825): App\Controllers\C_home->index()
#11 C:\laragon\www\anijaya\system\CodeIgniter.php(412): CodeIgniter\CodeIgniter->runController(Object(App\Controllers\C_home))
#12 C:\laragon\www\anijaya\system\CodeIgniter.php(320): CodeIgniter\CodeIgniter->handleRequest(NULL, Object(Config\Cache), false)
#13 C:\laragon\www\anijaya\public\index.php(37): CodeIgniter\CodeIgniter->run()
#14 {main}
CRITICAL - 2022-03-05 04:39:38 --> Function name must be a string
#0 C:\laragon\www\anijaya\system\View\View.php(210): include()
#1 C:\laragon\www\anijaya\system\View\View.php(213): CodeIgniter\View\View->CodeIgniter\View\{closure}()
#2 C:\laragon\www\anijaya\system\View\View.php(226): CodeIgniter\View\View->render('template/V_head...', Array, true)
#3 C:\laragon\www\anijaya\system\Common.php(1089): CodeIgniter\View\View->render('V_home', Array, true)
#4 C:\laragon\www\anijaya\app\Controllers\C_home.php(17): view('V_home', Array)
#5 C:\laragon\www\anijaya\system\CodeIgniter.php(825): App\Controllers\C_home->index()
#6 C:\laragon\www\anijaya\system\CodeIgniter.php(412): CodeIgniter\CodeIgniter->runController(Object(App\Controllers\C_home))
#7 C:\laragon\www\anijaya\system\CodeIgniter.php(320): CodeIgniter\CodeIgniter->handleRequest(NULL, Object(Config\Cache), false)
#8 C:\laragon\www\anijaya\public\index.php(37): CodeIgniter\CodeIgniter->run()
#9 {main}
CRITICAL - 2022-03-05 04:41:09 --> Undefined variable: level
#0 C:\laragon\www\anijaya\app\Views\template\V_menu.php(25): CodeIgniter\Debug\Exceptions->errorHandler(8, 'Undefined varia...', 'C:\\laragon\\www\\...', 25, Array)
#1 C:\laragon\www\anijaya\system\View\View.php(210): include('C:\\laragon\\www\\...')
#2 C:\laragon\www\anijaya\system\View\View.php(213): CodeIgniter\View\View->CodeIgniter\View\{closure}()
#3 C:\laragon\www\anijaya\system\View\View.php(424): CodeIgniter\View\View->render('template/V_menu', NULL, true)
#4 C:\laragon\www\anijaya\app\Views\template\V_header.php(47): CodeIgniter\View\View->include('template/V_menu')
#5 C:\laragon\www\anijaya\system\View\View.php(210): include('C:\\laragon\\www\\...')
#6 C:\laragon\www\anijaya\system\View\View.php(213): CodeIgniter\View\View->CodeIgniter\View\{closure}()
#7 C:\laragon\www\anijaya\system\View\View.php(226): CodeIgniter\View\View->render('template/V_head...', Array, true)
#8 C:\laragon\www\anijaya\system\Common.php(1089): CodeIgniter\View\View->render('V_home', Array, true)
#9 C:\laragon\www\anijaya\app\Controllers\C_home.php(17): view('V_home', Array)
#10 C:\laragon\www\anijaya\system\CodeIgniter.php(825): App\Controllers\C_home->index()
#11 C:\laragon\www\anijaya\system\CodeIgniter.php(412): CodeIgniter\CodeIgniter->runController(Object(App\Controllers\C_home))
#12 C:\laragon\www\anijaya\system\CodeIgniter.php(320): CodeIgniter\CodeIgniter->handleRequest(NULL, Object(Config\Cache), false)
#13 C:\laragon\www\anijaya\public\index.php(37): CodeIgniter\CodeIgniter->run()
#14 {main}
CRITICAL - 2022-03-05 04:47:31 --> Use of undefined constant BASE - assumed 'BASE' (this will throw an Error in a future version of PHP)
#0 C:\laragon\www\anijaya\app\Views\template\V_header.php(9): CodeIgniter\Debug\Exceptions->errorHandler(2, 'Use of undefine...', 'C:\\laragon\\www\\...', 9, Array)
#1 C:\laragon\www\anijaya\system\View\View.php(210): include('C:\\laragon\\www\\...')
#2 C:\laragon\www\anijaya\system\View\View.php(213): CodeIgniter\View\View->CodeIgniter\View\{closure}()
#3 C:\laragon\www\anijaya\system\View\View.php(226): CodeIgniter\View\View->render('template/V_head...', Array, true)
#4 C:\laragon\www\anijaya\system\Common.php(1089): CodeIgniter\View\View->render('V_home', Array, true)
#5 C:\laragon\www\anijaya\app\Controllers\C_home.php(17): view('V_home', Array)
#6 C:\laragon\www\anijaya\system\CodeIgniter.php(825): App\Controllers\C_home->index()
#7 C:\laragon\www\anijaya\system\CodeIgniter.php(412): CodeIgniter\CodeIgniter->runController(Object(App\Controllers\C_home))
#8 C:\laragon\www\anijaya\system\CodeIgniter.php(320): CodeIgniter\CodeIgniter->handleRequest(NULL, Object(Config\Cache), false)
#9 C:\laragon\www\anijaya\public\index.php(37): CodeIgniter\CodeIgniter->run()
#10 {main}
CRITICAL - 2022-03-05 04:48:35 --> ini_set(): Headers already sent. You cannot change the session module's ini settings at this time
#0 [internal function]: CodeIgniter\Debug\Exceptions->errorHandler(2, 'ini_set(): Head...', 'C:\\laragon\\www\\...', 71, Array)
#1 C:\laragon\www\anijaya\system\Session\Handlers\FileHandler.php(71): ini_set('session.save_pa...', 'C:\\laragon\\www\\...')
#2 C:\laragon\www\anijaya\system\Config\Services.php(570): CodeIgniter\Session\Handlers\FileHandler->__construct(Object(Config\App), '::1')
#3 C:\laragon\www\anijaya\system\Config\BaseService.php(248): CodeIgniter\Config\Services::session(Object(Config\App), false)
#4 C:\laragon\www\anijaya\system\Config\BaseService.php(189): CodeIgniter\Config\BaseService::__callStatic('session', Array)
#5 C:\laragon\www\anijaya\system\Config\Services.php(563): CodeIgniter\Config\BaseService::getSharedInstance('session', NULL)
#6 C:\laragon\www\anijaya\system\Config\BaseService.php(248): CodeIgniter\Config\Services::session()
#7 C:\laragon\www\anijaya\system\Common.php(901): CodeIgniter\Config\BaseService::__callStatic('session', Array)
#8 C:\laragon\www\anijaya\app\Views\template\V_header.php(7): session()
#9 C:\laragon\www\anijaya\system\View\View.php(210): include('C:\\laragon\\www\\...')
#10 C:\laragon\www\anijaya\system\View\View.php(213): CodeIgniter\View\View->CodeIgniter\View\{closure}()
#11 C:\laragon\www\anijaya\system\View\View.php(226): CodeIgniter\View\View->render('template/V_head...', Array, true)
#12 C:\laragon\www\anijaya\system\Common.php(1089): CodeIgniter\View\View->render('V_home', Array, true)
#13 C:\laragon\www\anijaya\app\Controllers\C_home.php(17): view('V_home', Array)
#14 C:\laragon\www\anijaya\system\CodeIgniter.php(825): App\Controllers\C_home->index()
#15 C:\laragon\www\anijaya\system\CodeIgniter.php(412): CodeIgniter\CodeIgniter->runController(Object(App\Controllers\C_home))
#16 C:\laragon\www\anijaya\system\CodeIgniter.php(320): CodeIgniter\CodeIgniter->handleRequest(NULL, Object(Config\Cache), false)
#17 C:\laragon\www\anijaya\public\index.php(37): CodeIgniter\CodeIgniter->run()
#18 {main}
CRITICAL - 2022-03-05 04:48:35 --> Uncaught ErrorException: Cannot modify header information - headers already sent by (output started at C:\laragon\www\anijaya\app\Config\Events.php:32) in C:\laragon\www\anijaya\system\Debug\Exceptions.php:112
Stack trace:
#0 [internal function]: CodeIgniter\Debug\Exceptions->errorHandler(2, 'Cannot modify h...', 'C:\\laragon\\www\\...', 112, Array)
#1 C:\laragon\www\anijaya\system\Debug\Exceptions.php(112): header('HTTP/1.1 500 In...', true, 500)
#2 [internal function]: CodeIgniter\Debug\Exceptions->exceptionHandler(Object(ErrorException))
#3 {main}
  thrown
#0 [internal function]: CodeIgniter\Debug\Exceptions->shutdownHandler()
#1 {main}
CRITICAL - 2022-03-05 04:49:44 --> Undefined variable: level
#0 C:\laragon\www\anijaya\app\Views\template\V_menu.php(25): CodeIgniter\Debug\Exceptions->errorHandler(8, 'Undefined varia...', 'C:\\laragon\\www\\...', 25, Array)
#1 C:\laragon\www\anijaya\system\View\View.php(210): include('C:\\laragon\\www\\...')
#2 C:\laragon\www\anijaya\system\View\View.php(213): CodeIgniter\View\View->CodeIgniter\View\{closure}()
#3 C:\laragon\www\anijaya\system\View\View.php(424): CodeIgniter\View\View->render('template/V_menu', NULL, true)
#4 C:\laragon\www\anijaya\app\Views\template\V_header.php(58): CodeIgniter\View\View->include('template/V_menu')
#5 C:\laragon\www\anijaya\system\View\View.php(210): include('C:\\laragon\\www\\...')
#6 C:\laragon\www\anijaya\system\View\View.php(213): CodeIgniter\View\View->CodeIgniter\View\{closure}()
#7 C:\laragon\www\anijaya\system\View\View.php(226): CodeIgniter\View\View->render('template/V_head...', Array, true)
#8 C:\laragon\www\anijaya\system\Common.php(1089): CodeIgniter\View\View->render('V_home', Array, true)
#9 C:\laragon\www\anijaya\app\Controllers\C_home.php(17): view('V_home', Array)
#10 C:\laragon\www\anijaya\system\CodeIgniter.php(825): App\Controllers\C_home->index()
#11 C:\laragon\www\anijaya\system\CodeIgniter.php(412): CodeIgniter\CodeIgniter->runController(Object(App\Controllers\C_home))
#12 C:\laragon\www\anijaya\system\CodeIgniter.php(320): CodeIgniter\CodeIgniter->handleRequest(NULL, Object(Config\Cache), false)
#13 C:\laragon\www\anijaya\public\index.php(37): CodeIgniter\CodeIgniter->run()
#14 {main}
CRITICAL - 2022-03-05 05:02:23 --> Undefined variable: level
#0 C:\laragon\www\anijaya\app\Views\template\V_menu.php(25): CodeIgniter\Debug\Exceptions->errorHandler(8, 'Undefined varia...', 'C:\\laragon\\www\\...', 25, Array)
#1 C:\laragon\www\anijaya\system\View\View.php(210): include('C:\\laragon\\www\\...')
#2 C:\laragon\www\anijaya\system\View\View.php(213): CodeIgniter\View\View->CodeIgniter\View\{closure}()
#3 C:\laragon\www\anijaya\system\View\View.php(424): CodeIgniter\View\View->render('template/V_menu', NULL, true)
#4 C:\laragon\www\anijaya\app\Views\template\V_header.php(62): CodeIgniter\View\View->include('template/V_menu')
#5 C:\laragon\www\anijaya\system\View\View.php(210): include('C:\\laragon\\www\\...')
#6 C:\laragon\www\anijaya\system\View\View.php(213): CodeIgniter\View\View->CodeIgniter\View\{closure}()
#7 C:\laragon\www\anijaya\system\View\View.php(226): CodeIgniter\View\View->render('template/V_head...', Array, true)
#8 C:\laragon\www\anijaya\system\Common.php(1089): CodeIgniter\View\View->render('V_home', Array, true)
#9 C:\laragon\www\anijaya\app\Controllers\C_home.php(17): view('V_home', Array)
#10 C:\laragon\www\anijaya\system\CodeIgniter.php(825): App\Controllers\C_home->index()
#11 C:\laragon\www\anijaya\system\CodeIgniter.php(412): CodeIgniter\CodeIgniter->runController(Object(App\Controllers\C_home))
#12 C:\laragon\www\anijaya\system\CodeIgniter.php(320): CodeIgniter\CodeIgniter->handleRequest(NULL, Object(Config\Cache), false)
#13 C:\laragon\www\anijaya\public\index.php(37): CodeIgniter\CodeIgniter->run()
#14 {main}
CRITICAL - 2022-03-05 05:04:17 --> Undefined variable: level
#0 C:\laragon\www\anijaya\app\Views\template\V_menu.php(25): CodeIgniter\Debug\Exceptions->errorHandler(8, 'Undefined varia...', 'C:\\laragon\\www\\...', 25, Array)
#1 C:\laragon\www\anijaya\system\View\View.php(210): include('C:\\laragon\\www\\...')
#2 C:\laragon\www\anijaya\system\View\View.php(213): CodeIgniter\View\View->CodeIgniter\View\{closure}()
#3 C:\laragon\www\anijaya\system\View\View.php(424): CodeIgniter\View\View->render('template/V_menu', NULL, true)
#4 C:\laragon\www\anijaya\app\Views\template\V_header.php(63): CodeIgniter\View\View->include('template/V_menu')
#5 C:\laragon\www\anijaya\system\View\View.php(210): include('C:\\laragon\\www\\...')
#6 C:\laragon\www\anijaya\system\View\View.php(213): CodeIgniter\View\View->CodeIgniter\View\{closure}()
#7 C:\laragon\www\anijaya\system\View\View.php(226): CodeIgniter\View\View->render('template/V_head...', Array, true)
#8 C:\laragon\www\anijaya\system\Common.php(1089): CodeIgniter\View\View->render('V_home', Array, true)
#9 C:\laragon\www\anijaya\app\Controllers\C_home.php(17): view('V_home', Array)
#10 C:\laragon\www\anijaya\system\CodeIgniter.php(825): App\Controllers\C_home->index()
#11 C:\laragon\www\anijaya\system\CodeIgniter.php(412): CodeIgniter\CodeIgniter->runController(Object(App\Controllers\C_home))
#12 C:\laragon\www\anijaya\system\CodeIgniter.php(320): CodeIgniter\CodeIgniter->handleRequest(NULL, Object(Config\Cache), false)
#13 C:\laragon\www\anijaya\public\index.php(37): CodeIgniter\CodeIgniter->run()
#14 {main}
CRITICAL - 2022-03-05 05:04:37 --> Undefined variable: level
#0 C:\laragon\www\anijaya\app\Views\template\V_menu.php(25): CodeIgniter\Debug\Exceptions->errorHandler(8, 'Undefined varia...', 'C:\\laragon\\www\\...', 25, Array)
#1 C:\laragon\www\anijaya\system\View\View.php(210): include('C:\\laragon\\www\\...')
#2 C:\laragon\www\anijaya\system\View\View.php(213): CodeIgniter\View\View->CodeIgniter\View\{closure}()
#3 C:\laragon\www\anijaya\system\View\View.php(424): CodeIgniter\View\View->render('template/V_menu', NULL, true)
#4 C:\laragon\www\anijaya\app\Views\template\V_header.php(63): CodeIgniter\View\View->include('template/V_menu')
#5 C:\laragon\www\anijaya\system\View\View.php(210): include('C:\\laragon\\www\\...')
#6 C:\laragon\www\anijaya\system\View\View.php(213): CodeIgniter\View\View->CodeIgniter\View\{closure}()
#7 C:\laragon\www\anijaya\system\View\View.php(226): CodeIgniter\View\View->render('template/V_head...', Array, true)
#8 C:\laragon\www\anijaya\system\Common.php(1089): CodeIgniter\View\View->render('V_home', Array, true)
#9 C:\laragon\www\anijaya\app\Controllers\C_home.php(17): view('V_home', Array)
#10 C:\laragon\www\anijaya\system\CodeIgniter.php(825): App\Controllers\C_home->index()
#11 C:\laragon\www\anijaya\system\CodeIgniter.php(412): CodeIgniter\CodeIgniter->runController(Object(App\Controllers\C_home))
#12 C:\laragon\www\anijaya\system\CodeIgniter.php(320): CodeIgniter\CodeIgniter->handleRequest(NULL, Object(Config\Cache), false)
#13 C:\laragon\www\anijaya\public\index.php(37): CodeIgniter\CodeIgniter->run()
#14 {main}
CRITICAL - 2022-03-05 05:08:18 --> Undefined variable: level
#0 C:\laragon\www\anijaya\app\Views\template\V_menu.php(25): CodeIgniter\Debug\Exceptions->errorHandler(8, 'Undefined varia...', 'C:\\laragon\\www\\...', 25, Array)
#1 C:\laragon\www\anijaya\system\View\View.php(210): include('C:\\laragon\\www\\...')
#2 C:\laragon\www\anijaya\system\View\View.php(213): CodeIgniter\View\View->CodeIgniter\View\{closure}()
#3 C:\laragon\www\anijaya\system\View\View.php(424): CodeIgniter\View\View->render('template/V_menu', NULL, true)
#4 C:\laragon\www\anijaya\app\Views\template\V_header.php(63): CodeIgniter\View\View->include('template/V_menu')
#5 C:\laragon\www\anijaya\system\View\View.php(210): include('C:\\laragon\\www\\...')
#6 C:\laragon\www\anijaya\system\View\View.php(213): CodeIgniter\View\View->CodeIgniter\View\{closure}()
#7 C:\laragon\www\anijaya\system\View\View.php(226): CodeIgniter\View\View->render('template/V_head...', Array, true)
#8 C:\laragon\www\anijaya\system\Common.php(1089): CodeIgniter\View\View->render('V_home', Array, true)
#9 C:\laragon\www\anijaya\app\Controllers\C_home.php(17): view('V_home', Array)
#10 C:\laragon\www\anijaya\system\CodeIgniter.php(825): App\Controllers\C_home->index()
#11 C:\laragon\www\anijaya\system\CodeIgniter.php(412): CodeIgniter\CodeIgniter->runController(Object(App\Controllers\C_home))
#12 C:\laragon\www\anijaya\system\CodeIgniter.php(320): CodeIgniter\CodeIgniter->handleRequest(NULL, Object(Config\Cache), false)
#13 C:\laragon\www\anijaya\public\index.php(37): CodeIgniter\CodeIgniter->run()
#14 {main}
CRITICAL - 2022-03-05 05:08:35 --> Undefined variable: level
#0 C:\laragon\www\anijaya\app\Views\template\V_menu.php(25): CodeIgniter\Debug\Exceptions->errorHandler(8, 'Undefined varia...', 'C:\\laragon\\www\\...', 25, Array)
#1 C:\laragon\www\anijaya\system\View\View.php(210): include('C:\\laragon\\www\\...')
#2 C:\laragon\www\anijaya\system\View\View.php(213): CodeIgniter\View\View->CodeIgniter\View\{closure}()
#3 C:\laragon\www\anijaya\system\View\View.php(424): CodeIgniter\View\View->render('template/V_menu', NULL, true)
#4 C:\laragon\www\anijaya\app\Views\template\V_header.php(62): CodeIgniter\View\View->include('template/V_menu')
#5 C:\laragon\www\anijaya\system\View\View.php(210): include('C:\\laragon\\www\\...')
#6 C:\laragon\www\anijaya\system\View\View.php(213): CodeIgniter\View\View->CodeIgniter\View\{closure}()
#7 C:\laragon\www\anijaya\system\View\View.php(226): CodeIgniter\View\View->render('template/V_head...', Array, true)
#8 C:\laragon\www\anijaya\system\Common.php(1089): CodeIgniter\View\View->render('V_home', Array, true)
#9 C:\laragon\www\anijaya\app\Controllers\C_home.php(17): view('V_home', Array)
#10 C:\laragon\www\anijaya\system\CodeIgniter.php(825): App\Controllers\C_home->index()
#11 C:\laragon\www\anijaya\system\CodeIgniter.php(412): CodeIgniter\CodeIgniter->runController(Object(App\Controllers\C_home))
#12 C:\laragon\www\anijaya\system\CodeIgniter.php(320): CodeIgniter\CodeIgniter->handleRequest(NULL, Object(Config\Cache), false)
#13 C:\laragon\www\anijaya\public\index.php(37): CodeIgniter\CodeIgniter->run()
#14 {main}
CRITICAL - 2022-03-05 05:10:28 --> Undefined variable: level
#0 C:\laragon\www\anijaya\app\Views\template\V_menu.php(25): CodeIgniter\Debug\Exceptions->errorHandler(8, 'Undefined varia...', 'C:\\laragon\\www\\...', 25, Array)
#1 C:\laragon\www\anijaya\system\View\View.php(210): include('C:\\laragon\\www\\...')
#2 C:\laragon\www\anijaya\system\View\View.php(213): CodeIgniter\View\View->CodeIgniter\View\{closure}()
#3 C:\laragon\www\anijaya\system\View\View.php(424): CodeIgniter\View\View->render('template/V_menu', NULL, true)
#4 C:\laragon\www\anijaya\app\Views\template\V_header.php(62): CodeIgniter\View\View->include('template/V_menu')
#5 C:\laragon\www\anijaya\system\View\View.php(210): include('C:\\laragon\\www\\...')
#6 C:\laragon\www\anijaya\system\View\View.php(213): CodeIgniter\View\View->CodeIgniter\View\{closure}()
#7 C:\laragon\www\anijaya\system\View\View.php(226): CodeIgniter\View\View->render('template/V_head...', Array, true)
#8 C:\laragon\www\anijaya\system\Common.php(1089): CodeIgniter\View\View->render('V_home', Array, true)
#9 C:\laragon\www\anijaya\app\Controllers\C_home.php(17): view('V_home', Array)
#10 C:\laragon\www\anijaya\system\CodeIgniter.php(825): App\Controllers\C_home->index()
#11 C:\laragon\www\anijaya\system\CodeIgniter.php(412): CodeIgniter\CodeIgniter->runController(Object(App\Controllers\C_home))
#12 C:\laragon\www\anijaya\system\CodeIgniter.php(320): CodeIgniter\CodeIgniter->handleRequest(NULL, Object(Config\Cache), false)
#13 C:\laragon\www\anijaya\public\index.php(37): CodeIgniter\CodeIgniter->run()
#14 {main}
